# JRE version: OpenJDK Runtime Environment (15.0.1+9) (build 15.0.1+9-18)
# Java VM: OpenJDK 64-Bit Server VM (15.0.1+9-18, mixed mode, tiered, compressed oops, g1 gc, windows-amd64)
GC Precious Log:
 CPUs: 4 total, 4 available
 Memory: 3961M
 Large Page Support: Disabled
 NUMA Support: Disabled
 Compressed Oops: Enabled (32-bit)
 Heap Region Size: 1M
 Heap Min Capacity: 8M
 Heap Initial Capacity: 62M
 Heap Max Capacity: 992M
 Pre-touch: Disabled
 Parallel Workers: 4
 Concurrent Workers: 1
 Concurrent Refinement Workers: 4
 Periodic GC: Disabled
Heap:
 garbage-first heap   total 83968K, used 34144K [0x00000000c2000000, 0x0000000100000000)
  region size 1024K, 12 young (12288K), 1 survivors (1024K)
 Metaspace       used 43257K, capacity 43988K, committed 44288K, reserved 1089536K
  class space    used 4265K, capacity 4498K, committed 4608K, reserved 1048576K
GC Heap History (20 events):
Event: 12.502 GC heap before
{Heap before GC invocations=18 (full 0):
 garbage-first heap   total 65536K, used 49238K [0x00000000c2000000, 0x0000000100000000)
  region size 1024K, 27 young (27648K), 2 survivors (2048K)
 Metaspace       used 31227K, capacity 31769K, committed 31872K, reserved 1077248K
  class space    used 3174K, capacity 3391K, committed 3456K, reserved 1048576K
}
Event: 12.511 GC heap after
{Heap after GC invocations=19 (full 0):
 garbage-first heap   total 65536K, used 23970K [0x00000000c2000000, 0x0000000100000000)
  region size 1024K, 2 young (2048K), 2 survivors (2048K)
 Metaspace       used 31227K, capacity 31769K, committed 31872K, reserved 1077248K
  class space    used 3174K, capacity 3391K, committed 3456K, reserved 1048576K
}
Event: 12.757 GC heap before
{Heap before GC invocations=19 (full 0):
 garbage-first heap   total 65536K, used 51618K [0x00000000c2000000, 0x0000000100000000)
  region size 1024K, 29 young (29696K), 2 survivors (2048K)
 Metaspace       used 31273K, capacity 31833K, committed 32128K, reserved 1077248K
  class space    used 3176K, capacity 3391K, committed 3456K, reserved 1048576K
}
Event: 12.770 GC heap after
{Heap after GC invocations=20 (full 0):
 garbage-first heap   total 65536K, used 25720K [0x00000000c2000000, 0x0000000100000000)
  region size 1024K, 4 young (4096K), 4 survivors (4096K)
 Metaspace       used 31273K, capacity 31833K, committed 32128K, reserved 1077248K
  class space    used 3176K, capacity 3391K, committed 3456K, reserved 1048576K
}
Event: 13.000 GC heap before
{Heap before GC invocations=20 (full 0):
 garbage-first heap   total 65536K, used 50296K [0x00000000c2000000, 0x0000000100000000)
  region size 1024K, 28 young (28672K), 4 survivors (4096K)
 Metaspace       used 31275K, capacity 31833K, committed 32128K, reserved 1077248K
  class space    used 3176K, capacity 3391K, committed 3456K, reserved 1048576K
}
Event: 13.013 GC heap after
{Heap after GC invocations=21 (full 0):
 garbage-first heap   total 65536K, used 26656K [0x00000000c2000000, 0x0000000100000000)
  region size 1024K, 3 young (3072K), 3 survivors (3072K)
 Metaspace       used 31275K, capacity 31833K, committed 32128K, reserved 1077248K
  class space    used 3176K, capacity 3391K, committed 3456K, reserved 1048576K
}
Event: 13.198 GC heap before
{Heap before GC invocations=21 (full 0):
 garbage-first heap   total 65536K, used 51232K [0x00000000c2000000, 0x0000000100000000)
  region size 1024K, 27 young (27648K), 3 survivors (3072K)
 Metaspace       used 31275K, capacity 31833K, committed 32128K, reserved 1077248K
  class space    used 3176K, capacity 3391K, committed 3456K, reserved 1048576K
}
Event: 13.211 GC heap after
{Heap after GC invocations=22 (full 0):
 garbage-first heap   total 83968K, used 28408K [0x00000000c2000000, 0x0000000100000000)
  region size 1024K, 3 young (3072K), 3 survivors (3072K)
 Metaspace       used 31275K, capacity 31833K, committed 32128K, reserved 1077248K
  class space    used 3176K, capacity 3391K, committed 3456K, reserved 1048576K
}
Event: 13.483 GC heap before
{Heap before GC invocations=22 (full 0):
 garbage-first heap   total 83968K, used 64248K [0x00000000c2000000, 0x0000000100000000)
  region size 1024K, 38 young (38912K), 3 survivors (3072K)
 Metaspace       used 31283K, capacity 31833K, committed 32128K, reserved 1077248K
  class space    used 3177K, capacity 3391K, committed 3456K, reserved 1048576K
}
Event: 13.497 GC heap after
{Heap after GC invocations=23 (full 0):
 garbage-first heap   total 83968K, used 30019K [0x00000000c2000000, 0x0000000100000000)
  region size 1024K, 3 young (3072K), 3 survivors (3072K)
 Metaspace       used 31283K, capacity 31833K, committed 32128K, reserved 1077248K
  class space    used 3177K, capacity 3391K, committed 3456K, reserved 1048576K
}
Event: 48.320 GC heap before
{Heap before GC invocations=23 (full 0):
 garbage-first heap   total 83968K, used 62787K [0x00000000c2000000, 0x0000000100000000)
  region size 1024K, 36 young (36864K), 3 survivors (3072K)
 Metaspace       used 33575K, capacity 34239K, committed 34560K, reserved 1079296K
  class space    used 3456K, capacity 3725K, committed 3840K, reserved 1048576K
}
Event: 48.339 GC heap after
{Heap after GC invocations=24 (full 0):
 garbage-first heap   total 83968K, used 33823K [0x00000000c2000000, 0x0000000100000000)
  region size 1024K, 5 young (5120K), 5 survivors (5120K)
 Metaspace       used 33575K, capacity 34239K, committed 34560K, reserved 1079296K
  class space    used 3456K, capacity 3725K, committed 3840K, reserved 1048576K
}
Event: 112.434 GC heap before
{Heap before GC invocations=24 (full 0):
 garbage-first heap   total 83968K, used 40991K [0x00000000c2000000, 0x0000000100000000)
  region size 1024K, 14 young (14336K), 5 survivors (5120K)
 Metaspace       used 35065K, capacity 35713K, committed 35840K, reserved 1081344K
  class space    used 3588K, capacity 3853K, committed 3968K, reserved 1048576K
}
Event: 112.450 GC heap after
{Heap after GC invocations=25 (full 0):
 garbage-first heap   total 83968K, used 35561K [0x00000000c2000000, 0x0000000100000000)
  region size 1024K, 2 young (2048K), 2 survivors (2048K)
 Metaspace       used 35065K, capacity 35713K, committed 35840K, reserved 1081344K
  class space    used 3588K, capacity 3853K, committed 3968K, reserved 1048576K
}
Event: 113.523 GC heap before
{Heap before GC invocations=26 (full 0):
 garbage-first heap   total 83968K, used 60137K [0x00000000c2000000, 0x0000000100000000)
  region size 1024K, 27 young (27648K), 2 survivors (2048K)
 Metaspace       used 39994K, capacity 40609K, committed 40832K, reserved 1085440K
  class space    used 3968K, capacity 4205K, committed 4224K, reserved 1048576K
}
Event: 113.531 GC heap after
{Heap after GC invocations=27 (full 0):
 garbage-first heap   total 83968K, used 36661K [0x00000000c2000000, 0x0000000100000000)
  region size 1024K, 3 young (3072K), 3 survivors (3072K)
 Metaspace       used 39994K, capacity 40609K, committed 40832K, reserved 1085440K
  class space    used 3968K, capacity 4205K, committed 4224K, reserved 1048576K
}
Event: 113.716 GC heap before
{Heap before GC invocations=27 (full 0):
 garbage-first heap   total 83968K, used 37685K [0x00000000c2000000, 0x0000000100000000)
  region size 1024K, 4 young (4096K), 3 survivors (3072K)
 Metaspace       used 40379K, capacity 41095K, committed 41216K, reserved 1085440K
  class space    used 3985K, capacity 4239K, committed 4352K, reserved 1048576K
}
Event: 113.721 GC heap after
{Heap after GC invocations=28 (full 0):
 garbage-first heap   total 83968K, used 28286K [0x00000000c2000000, 0x0000000100000000)
  region size 1024K, 1 young (1024K), 1 survivors (1024K)
 Metaspace       used 40379K, capacity 41095K, committed 41216K, reserved 1085440K
  class space    used 3985K, capacity 4239K, committed 4352K, reserved 1048576K
}
Event: 113.851 GC heap before
{Heap before GC invocations=28 (full 0):
 garbage-first heap   total 83968K, used 31358K [0x00000000c2000000, 0x0000000100000000)
  region size 1024K, 4 young (4096K), 1 survivors (1024K)
 Metaspace       used 40665K, capacity 41383K, committed 41472K, reserved 1087488K
  class space    used 4019K, capacity 4271K, committed 4352K, reserved 1048576K
}
Event: 113.864 GC heap after
{Heap after GC invocations=29 (full 0):
 garbage-first heap   total 83968K, used 23904K [0x00000000c2000000, 0x0000000100000000)
  region size 1024K, 1 young (1024K), 1 survivors (1024K)
 Metaspace       used 40665K, capacity 41383K, committed 41472K, reserved 1087488K
  class space    used 4019K, capacity 4271K, committed 4352K, reserved 1048576K
}

